[00:00:07] [Server thread/INFO]: MilHoras issued server command: /gamemode creative
[00:00:07] [Server thread/INFO]: [MilHoras: Set own game mode to Creative Mode]
[00:00:15] [Server thread/INFO]: iSophie_17 issued server command: /tp @e motomoto64152
[00:00:15] [Server thread/INFO]: [iSophie_17: Teleported 223 entities to motomoto64152]
[00:00:26] [Server thread/INFO]: MilHoras lost connection: Disconnected
[00:00:26] [Server thread/INFO]: MilHoras left the game
[00:00:35] [Server thread/INFO]: motomoto64152 issued server command: /tp @e iSophie_17
[00:00:35] [Server thread/INFO]: [motomoto64152: Teleported 219 entities to iSophie_17]
[00:00:37] [Server thread/INFO]: motomoto64152 was blown up by Creeper
[00:00:39] [Server thread/INFO]: iSophie_17 issued server command: /gamemode survival
[00:00:39] [Server thread/INFO]: [iSophie_17: Set own game mode to Survival Mode]
[00:00:49] [Server thread/INFO]: iSophie_17 issued server command: /gamemode spectator
[00:00:49] [Server thread/INFO]: [iSophie_17: Set own game mode to Spectator Mode]
[00:00:52] [Server thread/INFO]: iSophie_17 issued server command: /gamemode creative
[00:00:52] [Server thread/INFO]: [iSophie_17: Set own game mode to Creative Mode]
[00:00:55] [Server thread/INFO]: motomoto64152 issued server command: /scoreboard objectives add vida health
[00:00:55] [Server thread/INFO]: [motomoto64152: Created new objective [vida]]
[00:01:11] [Server thread/INFO]: motomoto64152 issued server command: /scoreboard objectives setdisplay list vida
[00:01:11] [Server thread/INFO]: [motomoto64152: Set display slot list to show objective vida]
[00:01:37] [Server thread/INFO]: motomoto64152 issued server command: /kill iSophie_17
[00:01:37] [Server thread/INFO]: iSophie_17 was killed
[00:01:37] [Server thread/INFO]: [motomoto64152: Killed iSophie_17]
[00:01:45] [Server thread/INFO]: iSophie_17 issued server command: /tp @e motomoto64152
[00:01:45] [Server thread/INFO]: [iSophie_17: Teleported 121 entities to motomoto64152]
[00:01:48] [Server thread/INFO]: iSophie_17 issued server command: /gamemode spectator
[00:01:48] [Server thread/INFO]: [iSophie_17: Set own game mode to Spectator Mode]
[00:01:49] [Server thread/INFO]: iSophie_17 issued server command: /gamemode survival
[00:01:49] [Server thread/INFO]: [iSophie_17: Set own game mode to Survival Mode]
[00:01:51] [Server thread/INFO]: motomoto64152 was slain by Spider
[00:02:08] [Server thread/INFO]: iSophie_17 issued server command: /tp motomoto64152
[00:02:08] [Server thread/INFO]: [iSophie_17: Teleported iSophie_17 to motomoto64152]
[00:02:13] [Server thread/INFO]: iSophie_17 issued server command: /gamemode spectator
[00:02:13] [Server thread/INFO]: [iSophie_17: Set own game mode to Spectator Mode]
[00:03:12] [Server thread/INFO]: iSophie_17 issued server command: /tp @e motomoto64152
[00:03:12] [Server thread/INFO]: [iSophie_17: Teleported 249 entities to motomoto64152]
[00:03:14] [Server thread/INFO]: motomoto64152 was blown up by Creeper
[00:03:17] [Server thread/INFO]: motomoto64152 issued server command: /gamemode creative
[00:03:17] [Server thread/INFO]: [motomoto64152: Set own game mode to Creative Mode]
[00:03:26] [Server thread/INFO]: iSophie_17 issued server command: /gamemode creative
[00:03:26] [Server thread/INFO]: [iSophie_17: Set own game mode to Creative Mode]
[00:03:28] [Server thread/INFO]: motomoto64152 issued server command: /tp @e iSophie_17
[00:03:28] [Server thread/INFO]: [motomoto64152: Teleported 266 entities to iSophie_17]
[00:03:35] [Server thread/INFO]: motomoto64152 issued server command: /gamemode spectator
[00:03:35] [Server thread/INFO]: [motomoto64152: Set own game mode to Spectator Mode]
[00:03:35] [Server thread/INFO]: iSophie_17 issued server command: /gamemode spectator
[00:03:35] [Server thread/INFO]: [iSophie_17: Set own game mode to Spectator Mode]
[00:03:50] [Server thread/INFO]: motomoto64152 issued server command: /tp @e
[00:03:54] [Server thread/INFO]: motomoto64152 issued server command: /tp @e motomoto64152
[00:03:54] [Server thread/INFO]: [motomoto64152: Teleported 214 entities to motomoto64152]
[00:04:00] [Server thread/INFO]: iSophie_17 issued server command: /summon minecraft:fireball ~ ~3 ~ {ExplosionPower:0,direction:[0.0,0.0,0.0]}
[00:04:00] [Server thread/INFO]: [iSophie_17: Summoned new Fireball]
[00:04:05] [Server thread/INFO]: iSophie_17 issued server command: /gamemode creative
[00:04:05] [Server thread/INFO]: [iSophie_17: Set own game mode to Creative Mode]
[00:04:22] [Server thread/INFO]: motomoto64152 issued server command: /gamemode adventure iSophie_17
[00:04:22] [Server thread/INFO]: [motomoto64152: Set iSophie_17's game mode to Adventure Mode]
[00:04:23] [Server thread/INFO]: iSophie_17 issued server command: /gamemode creative motomoto64152
[00:04:23] [Server thread/INFO]: [iSophie_17: Set motomoto64152's game mode to Creative Mode]
[00:04:24] [Server thread/INFO]: iSophie_17 fell from a high place
[00:04:24] [Server thread/INFO]: iSophie_17 issued server command: /gamemode survival
[00:04:24] [Server thread/INFO]: [iSophie_17: Set own game mode to Survival Mode]
[00:04:27] [Server thread/INFO]: iSophie_17 issued server command: /gamemode creative
[00:04:27] [Server thread/INFO]: [iSophie_17: Set own game mode to Creative Mode]
[00:04:34] [Server thread/INFO]: iSophie_17 issued server command: /summon minecraft:fireball ~ ~3 ~ {ExplosionPower:0,direction:[0.0,0.0,0.0]}
[00:04:34] [Server thread/INFO]: [iSophie_17: Summoned new Fireball]
[00:04:40] [Server thread/INFO]: iSophie_17 issued server command: /tp motomoto64152 iso
[00:04:40] [Server thread/INFO]: motomoto64152 issued server command: /gamemode survival iSophie_17
[00:04:40] [Server thread/INFO]: [motomoto64152: Set iSophie_17's game mode to Survival Mode]
[00:04:41] [Server thread/INFO]: iSophie_17 issued server command: /tp motomoto64152 iso
[00:04:43] [Server thread/INFO]: iSophie_17 issued server command: /tp motomoto64152 iSophie_17
[00:04:43] [Server thread/INFO]: [iSophie_17: Teleported motomoto64152 to iSophie_17]
[00:04:44] [Server thread/INFO]: iSophie_17 issued server command: /gamemode creative
[00:04:44] [Server thread/INFO]: [iSophie_17: Set own game mode to Creative Mode]
[00:04:49] [Server thread/INFO]: iSophie_17 issued server command: /gamemode survival motomoto64152
[00:04:49] [Server thread/INFO]: [iSophie_17: Set motomoto64152's game mode to Survival Mode]
[00:04:50] [Server thread/INFO]: motomoto64152 issued server command: /gamemode creative
[00:04:50] [Server thread/INFO]: [motomoto64152: Set own game mode to Creative Mode]
[00:04:52] [Server thread/INFO]: iSophie_17 issued server command: /gamemode survival motomoto64152
[00:04:52] [Server thread/INFO]: [iSophie_17: Set motomoto64152's game mode to Survival Mode]
[00:04:55] [Server thread/INFO]: motomoto64152 issued server command: /gamemode creative
[00:04:55] [Server thread/INFO]: [motomoto64152: Set own game mode to Creative Mode]
[00:05:02] [Server thread/INFO]: No entity was found
[00:05:08] [Server thread/INFO]: iSophie_17 issued server command: /summon minecraft:fireball ~ ~3 ~ {ExplosionPower:1000,direction:[0.0,0.0,0.0]}
[00:05:08] [Server thread/INFO]: [iSophie_17: Summoned new Fireball]
[00:05:11] [Server thread/INFO]: iSophie_17 issued server command: /tp motomoto64152 iSophie_17
[00:05:11] [Server thread/INFO]: [iSophie_17: Teleported motomoto64152 to iSophie_17]
[00:05:13] [Server thread/INFO]: motomoto64152 issued server command: /summon minecraft:armor_stand
[00:05:13] [Server thread/INFO]: [motomoto64152: Summoned new Armor Stand]
[00:05:14] [Server thread/INFO]: iSophie_17 issued server command: /gamemode survival motomoto64152
[00:05:14] [Server thread/INFO]: [iSophie_17: Set motomoto64152's game mode to Survival Mode]
[00:05:16] [Server thread/INFO]: Teleported 2 entities to 0.500000, 90.000000, 0.500000
[00:05:23] [Server thread/INFO]: motomoto64152 issued server command: /gamemode creative
[00:05:23] [Server thread/INFO]: [motomoto64152: Set own game mode to Creative Mode]
[00:05:29] [Server thread/INFO]: iSophie_17 issued server command: /tp motomoto64152 iSophie_17
[00:05:29] [Server thread/INFO]: [iSophie_17: Teleported motomoto64152 to iSophie_17]
[00:05:31] [Server thread/INFO]: iSophie_17 issued server command: /gamemode survival motomoto64152
[00:05:31] [Server thread/INFO]: [iSophie_17: Set motomoto64152's game mode to Survival Mode]
[00:05:32] [Server thread/INFO]: motomoto64152 issued server command: /gamemode creative
[00:05:32] [Server thread/INFO]: [motomoto64152: Set own game mode to Creative Mode]
[00:05:35] [Server thread/INFO]: iSophie_17 issued server command: /gamemode survival motomoto64152
[00:05:35] [Server thread/INFO]: [iSophie_17: Set motomoto64152's game mode to Survival Mode]
[00:05:36] [Server thread/INFO]: motomoto64152 issued server command: /gamemode survival iSophie_17
[00:05:36] [Server thread/INFO]: [motomoto64152: Set iSophie_17's game mode to Survival Mode]
[00:05:37] [Server thread/INFO]: iSophie_17 issued server command: /summon minecraft:fireball ~ ~3 ~ {ExplosionPower:1000,direction:[0.0,0.0,0.0]}
[00:05:37] [Server thread/INFO]: [iSophie_17: Summoned new Fireball]
[00:05:39] [Server thread/INFO]: iSophie_17 issued server command: /gamemode survival motomoto64152
[00:05:41] [Server thread/INFO]: motomoto64152 issued server command: /gamemode creative
[00:05:41] [Server thread/INFO]: [motomoto64152: Set own game mode to Creative Mode]
[00:05:41] [Server thread/INFO]: iSophie_17 issued server command: /gamemode creative
[00:05:41] [Server thread/INFO]: [iSophie_17: Set own game mode to Creative Mode]
[00:05:42] [Server thread/INFO]: iSophie_17 issued server command: /gamemode survival motomoto64152
[00:05:42] [Server thread/INFO]: [iSophie_17: Set motomoto64152's game mode to Survival Mode]
[00:05:45] [Server thread/INFO]: motomoto64152 issued server command: /gamemode creative
[00:05:45] [Server thread/INFO]: [motomoto64152: Set own game mode to Creative Mode]
[00:05:49] [Server thread/INFO]: iSophie_17 issued server command: /summon minecraft:fireball ~ ~3 ~ {ExplosionPower:1000,direction:[0.0,0.0,0.0]}
[00:05:49] [Server thread/INFO]: [iSophie_17: Summoned new Fireball]
[00:05:50] [Server thread/INFO]: motomoto64152 issued server command: /gamemode survival iSophie_17
[00:05:50] [Server thread/INFO]: [motomoto64152: Set iSophie_17's game mode to Survival Mode]
[00:05:51] [Server thread/INFO]: iSophie_17 issued server command: /gamemode creative
[00:05:51] [Server thread/INFO]: [iSophie_17: Set own game mode to Creative Mode]
[00:06:00] [Server thread/INFO]: iSophie_17 issued server command: /summon minecraft:fireball ~ ~3 ~ {ExplosionPower:100000000000000,direction:[0.0,0.0,0.0]}
[00:06:00] [Server thread/INFO]: [iSophie_17: Summoned new Fireball]
[00:06:00] [Server thread/INFO]: motomoto64152 issued server command: /gamemode survival iSophie_17
[00:06:00] [Server thread/INFO]: [motomoto64152: Set iSophie_17's game mode to Survival Mode]
[00:06:03] [Server thread/INFO]: iSophie_17 issued server command: /gamemode creative
[00:06:03] [Server thread/INFO]: [iSophie_17: Set own game mode to Creative Mode]
[00:06:07] [Server thread/INFO]: motomoto64152 issued server command: /gamemode creative
[00:06:09] [Server thread/INFO]: You whisper to iSophie_17: pe
[00:06:10] [Server thread/INFO]: motomoto64152 issued server command: /gamemode survival iSophie_17
[00:06:10] [Server thread/INFO]: [motomoto64152: Set iSophie_17's game mode to Survival Mode]
[00:06:12] [Server thread/INFO]: iSophie_17 issued server command: /gamemode creative
[00:06:12] [Server thread/INFO]: [iSophie_17: Set own game mode to Creative Mode]
[00:06:16] [Server thread/INFO]: iSophie_17 issued server command: /gamemode survival motomoto64152
[00:06:16] [Server thread/INFO]: [iSophie_17: Set motomoto64152's game mode to Survival Mode]
[00:06:16] [Server thread/INFO]: motomoto64152 issued server command: /gamemode creative
[00:06:16] [Server thread/INFO]: [motomoto64152: Set own game mode to Creative Mode]
[00:06:21] [Server thread/INFO]: motomoto64152 issued server command: /gamemode survival iSophie_17
[00:06:21] [Server thread/INFO]: [motomoto64152: Set iSophie_17's game mode to Survival Mode]
[00:06:24] [Server thread/INFO]: You whisper to iSophie_17: :v
[00:06:26] [Server thread/INFO]: iSophie_17 issued server command: /gamemode creative
[00:06:26] [Server thread/INFO]: [iSophie_17: Set own game mode to Creative Mode]
[00:06:27] [Server thread/INFO]: iSophie_17 issued server command: /summon minecraft:fireball ~ ~3 ~ {ExplosionPower:0,direction:[0.0,0.0,0.0]}
[00:06:27] [Server thread/INFO]: [iSophie_17: Summoned new Fireball]
[00:06:33] [Server thread/INFO]: motomoto64152 issued server command: /gamemode creative
[00:06:33] [Server thread/INFO]: You whisper to motomoto64152: :v
[00:06:40] [Server thread/INFO]: iSophie_17 issued server command: /summon minecraft:fireball ~ ~3 ~ {ExplosionPower:999,direction:[0.0,0.0,0.0]}
[00:06:40] [Server thread/INFO]: [iSophie_17: Summoned new Fireball]
[00:06:48] [Server thread/INFO]: motomoto64152 issued server command: /msg Server :VVV
[00:06:56] [Server thread/INFO]: motomoto64152 issued server command: /gamemode survival iSophie_17
[00:06:56] [Server thread/INFO]: [motomoto64152: Set iSophie_17's game mode to Survival Mode]
[00:07:01] [Server thread/INFO]: iSophie_17 issued server command: /gamemode creative
[00:07:01] [Server thread/INFO]: [iSophie_17: Set own game mode to Creative Mode]
[00:07:09] [Server thread/INFO]: iSophie_17 issued server command: /summon minecraft:fireball ~ ~3 ~ {ExplosionPower:900,direction:[0.0,0.0,0.0]}
[00:07:09] [Server thread/INFO]: [iSophie_17: Summoned new Fireball]
[00:07:18] [Server thread/INFO]: iSophie_17 issued server command: /summon minecraft:fireball ~ ~1 ~ {ExplosionPower:900,direction:[0.0,0.0,0.0]}
[00:07:18] [Server thread/INFO]: [iSophie_17: Summoned new Fireball]
[00:07:28] [Server thread/INFO]: motomoto64152 issued server command: /summon minecraft:ender_dragon ~ ~ ~
[00:07:28] [Server thread/INFO]: [motomoto64152: Summoned new Ender Dragon]
[00:07:34] [User Authenticator #4/INFO]: UUID of player MilHoras is b2223d6c-da37-309a-a458-ca91063fd5f1
[00:07:35] [Server thread/INFO]: MilHoras joined the game
[00:07:35] [Server thread/INFO]: MilHoras[/127.184.226.15:54449] logged in with entity id 15906 at ([world]-119.73755716423418, 68.91949841334785, -108.14932600817541)
[00:07:37] [Server thread/INFO]: iSophie_17 issued server command: /give iSophie_17 minecraft:command_block
[00:07:37] [Server thread/INFO]: [iSophie_17: Gave 1 [Command Block] to iSophie_17]
[00:07:41] [Server thread/INFO]: iSophie_17 issued server command: /give iSophie_17 minecraft:command_block
[00:07:41] [Server thread/INFO]: [iSophie_17: Gave 1 [Command Block] to iSophie_17]
[00:07:47] [Server thread/INFO]: motomoto64152 issued server command: /tp iSophie_17 motomoto64152
[00:07:47] [Server thread/INFO]: [motomoto64152: Teleported iSophie_17 to motomoto64152]
[00:08:05] [Server thread/INFO]: MilHoras issued server command: /give MilHoras minecraft:command_block
[00:08:05] [Server thread/INFO]: [MilHoras: Gave 1 [Command Block] to MilHoras]
[00:08:09] [Server thread/INFO]: motomoto64152 issued server command: /give motomoto64152 minecraft:chain_command_block
[00:08:09] [Server thread/INFO]: [motomoto64152: Gave 1 [Chain Command Block] to motomoto64152]
[00:08:20] [Server thread/INFO]: motomoto64152 issued server command: /give motomoto64152 minecraft:chain_command_block
[00:08:20] [Server thread/INFO]: [motomoto64152: Gave 1 [Chain Command Block] to motomoto64152]
[00:08:23] [Server thread/INFO]: iSophie_17 issued server command: /fill ~ ~ ~ ~5 ~10 ~5 tnt
[00:08:23] [Server thread/INFO]: [iSophie_17: Successfully filled 396 block(s)]
[00:08:33] [Server thread/INFO]: iSophie_17 issued server command: /tp MilHoras iSophie_17
[00:08:33] [Server thread/INFO]: [iSophie_17: Teleported MilHoras to iSophie_17]
